<?xml version="1.0" encoding="UTF-8"?>
<testsuite xmlns:xsi="http://www.w3.org/2001/XMLSchema-instance" xsi:noNamespaceSchemaLocation="https://maven.apache.org/surefire/maven-surefire-plugin/xsd/surefire-test-report-3.0.xsd" version="3.0" name="TaskTest" time="0.1" tests="11" errors="0" skipped="0" failures="0">
  <properties>
[...]
</properties>
  <testcase name="testLocation" classname="TaskTest" time="0.037"/>
  <testcase name="testDate" classname="TaskTest" time="0.005"/>
  <testcase name="testInfo" classname="TaskTest" time="0.005">
    <system-out><![CDATA[Task Name: Tasker
Date: Monday
Time: 2
Description: Test task
Location: YMH
]]></system-out>
  </testcase>
  <testcase name="testName" classname="TaskTest" time="0.001"/>
  <testcase name="testTime" classname="TaskTest" time="0.0"/>
  <testcase name="testSetDescription" classname="TaskTest" time="0.0"/>
  <testcase name="testSetLocation" classname="TaskTest" time="0.002"/>
  <testcase name="testSetDate" classname="TaskTest" time="0.001"/>
  <testcase name="testSetName" classname="TaskTest" time="0.001"/>
  <testcase name="testSetTime" classname="TaskTest" time="0.001"/>
  <testcase name="testDescription" classname="TaskTest" time="0.001"/>
</testsuite>